ResideMenu/build/outputs/logs/manifest-merger-debug-report.txt
-- Merging decision tree log ---
manifest
ADDED from hisp.maidi.android/ResideMenu/AndroidManifest.xml:2:1-6:12
INJECTED from hisp.maidi.android/ResideMenu/AndroidManifest.xml:2:1-6:12
INJECTED from hisp.maidi.android/ResideMenu/AndroidManifest.xml:2:1-6:12
INJECTED from hisp.maidi.android/ResideMenu/AndroidManifest.xml:2:1-6:12
INJECTED from hisp.maidi.android/ResideMenu/AndroidManifest.xml:2:1-6:12
INJECTED from hisp.maidi.android/ResideMenu/AndroidManifest.xml:2:1-6:12
INJECTED from hisp.maidi.android/ResideMenu/AndroidManifest.xml:2:1-6:12
	package
		ADDED from hisp.maidi.android/ResideMenu/AndroidManifest.xml:3:11-43
		INJECTED from hisp.maidi.android/ResideMenu/AndroidManifest.xml
		INJECTED from hisp.maidi.android/ResideMenu/AndroidManifest.xml
	android:versionName
		ADDED from hisp.maidi.android/ResideMenu/AndroidManifest.xml:5:11-36
		INJECTED from hisp.maidi.android/ResideMenu/AndroidManifest.xml
		INJECTED from hisp.maidi.android/ResideMenu/AndroidManifest.xml
	xmlns:android
		ADDED from hisp.maidi.android/ResideMenu/AndroidManifest.xml:2:11-69
	android:versionCode
		ADDED from hisp.maidi.android/ResideMenu/AndroidManifest.xml:4:11-34
		INJECTED from hisp.maidi.android/ResideMenu/AndroidManifest.xml
		INJECTED from hisp.maidi.android/ResideMenu/AndroidManifest.xml
uses-sdk
INJECTED from hisp.maidi.android/ResideMenu/AndroidManifest.xml reason: use-sdk injection requested
INJECTED from hisp.maidi.android/ResideMenu/AndroidManifest.xml
INJECTED from hisp.maidi.android/ResideMenu/AndroidManifest.xml
INJECTED from hisp.maidi.android/ResideMenu/AndroidManifest.xml
INJECTED from hisp.maidi.android/ResideMenu/AndroidManifest.xml
	android:targetSdkVersion
		INJECTED from hisp.maidi.android/ResideMenu/AndroidManifest.xml
		ADDED from hisp.maidi.android/ResideMenu/AndroidManifest.xml
		INJECTED from hisp.maidi.android/ResideMenu/AndroidManifest.xml
	android:minSdkVersion
		INJECTED from hisp.maidi.android/ResideMenu/AndroidManifest.xml
		ADDED from hisp.maidi.android/ResideMenu/AndroidManifest.xml
		INJECTED from hisp.maidi.android/ResideMenu/AndroidManifest.xml